[ 2015-05-14T11:38:25+08:00 ] 127.0.0.1 /index.php/Home/Schedule/show?tId=1
INFO: [ app_init ] --START--
INFO: Run Behavior\BuildLiteBehavior [ RunTime:0.000023s ]
INFO: [ app_init ] --END-- [ RunTime:0.029004s ]
INFO: [ app_begin ] --START--
INFO: Run Behavior\ReadHtmlCacheBehavior [ RunTime:0.036295s ]
INFO: [ app_begin ] --END-- [ RunTime:0.036392s ]
NOTIC: [2048] Declaration of Home\Controller\ScheduleController::show() should be compatible with that of Think\Controller::show() D:\langs\php\wamp\www\Application\Home\Controller\ScheduleController.class.php 第 18 行.
NOTIC: [8] Undefined index: lite D:\langs\php\wamp\www\ThinkPHP\Library\Think\Db.class.php 第 37 行.
INFO: [ view_parse ] --START--
INFO: [ template_filter ] --START--
INFO: Run Behavior\ContentReplaceBehavior [ RunTime:0.000066s ]
INFO: [ template_filter ] --END-- [ RunTime:0.000148s ]
INFO: Run Behavior\ParseTemplateBehavior [ RunTime:0.105329s ]
INFO: [ view_parse ] --END-- [ RunTime:0.105429s ]
INFO: [ view_filter ] --START--
INFO: Run Behavior\WriteHtmlCacheBehavior [ RunTime:0.014407s ]
INFO: [ view_filter ] --END-- [ RunTime:0.014487s ]
INFO: [ app_end ] --START--
INFO: Run Behavior\ShowPageTraceBehavior [ RunTime:0.019524s ]
INFO: [ app_end ] --END-- [ RunTime:0.019625s ]

[ 2015-05-14T11:52:10+08:00 ] 127.0.0.1 /index.php/Home/Schedule/show?tId=1
INFO: [ app_init ] --START--
INFO: Run Behavior\BuildLiteBehavior [ RunTime:0.000023s ]
INFO: [ app_init ] --END-- [ RunTime:0.025184s ]
INFO: [ app_begin ] --START--
INFO: Run Behavior\ReadHtmlCacheBehavior [ RunTime:0.017257s ]
INFO: [ app_begin ] --END-- [ RunTime:0.017360s ]
NOTIC: [2048] Declaration of Home\Controller\ScheduleController::show() should be compatible with that of Think\Controller::show() D:\langs\php\wamp\www\Application\Home\Controller\ScheduleController.class.php 第 18 行.
NOTIC: [8] Undefined index: lite D:\langs\php\wamp\www\ThinkPHP\Library\Think\Db.class.php 第 37 行.
INFO: [ view_parse ] --START--
INFO: [ template_filter ] --START--
INFO: Run Behavior\ContentReplaceBehavior [ RunTime:0.000082s ]
INFO: [ template_filter ] --END-- [ RunTime:0.000180s ]
INFO: Run Behavior\ParseTemplateBehavior [ RunTime:0.053039s ]
INFO: [ view_parse ] --END-- [ RunTime:0.053149s ]
INFO: [ view_filter ] --START--
INFO: Run Behavior\WriteHtmlCacheBehavior [ RunTime:0.012026s ]
INFO: [ view_filter ] --END-- [ RunTime:0.012105s ]
INFO: [ app_end ] --START--
INFO: Run Behavior\ShowPageTraceBehavior [ RunTime:0.008728s ]
INFO: [ app_end ] --END-- [ RunTime:0.008808s ]

[ 2015-05-14T12:57:37+08:00 ] 127.0.0.1 /index.php/Home/Schedule/show?tId=1
INFO: [ app_init ] --START--
INFO: Run Behavior\BuildLiteBehavior [ RunTime:0.000036s ]
INFO: [ app_init ] --END-- [ RunTime:0.106555s ]
INFO: [ app_begin ] --START--
INFO: Run Behavior\ReadHtmlCacheBehavior [ RunTime:0.016460s ]
INFO: [ app_begin ] --END-- [ RunTime:0.016554s ]
NOTIC: [2048] Declaration of Home\Controller\ScheduleController::show() should be compatible with that of Think\Controller::show() D:\langs\php\wamp\www\Application\Home\Controller\ScheduleController.class.php 第 18 行.
NOTIC: [8] Undefined index: lite D:\langs\php\wamp\www\ThinkPHP\Library\Think\Db.class.php 第 37 行.
INFO: [ view_parse ] --START--
INFO: [ template_filter ] --START--
INFO: Run Behavior\ContentReplaceBehavior [ RunTime:0.000078s ]
INFO: [ template_filter ] --END-- [ RunTime:0.000172s ]
INFO: Run Behavior\ParseTemplateBehavior [ RunTime:0.168527s ]
INFO: [ view_parse ] --END-- [ RunTime:0.168653s ]
INFO: [ view_filter ] --START--
INFO: Run Behavior\WriteHtmlCacheBehavior [ RunTime:0.010566s ]
INFO: [ view_filter ] --END-- [ RunTime:0.010648s ]
INFO: [ app_end ] --START--
INFO: Run Behavior\ShowPageTraceBehavior [ RunTime:0.014673s ]
INFO: [ app_end ] --END-- [ RunTime:0.014780s ]

[ 2015-05-14T12:58:36+08:00 ] 127.0.0.1 /index.php/Home/Schedule/show?tId=1
INFO: [ app_init ] --START--
INFO: Run Behavior\BuildLiteBehavior [ RunTime:0.000020s ]
INFO: [ app_init ] --END-- [ RunTime:0.006712s ]
INFO: [ app_begin ] --START--
INFO: Run Behavior\ReadHtmlCacheBehavior [ RunTime:0.001174s ]
INFO: [ app_begin ] --END-- [ RunTime:0.001252s ]
NOTIC: [2048] Declaration of Home\Controller\ScheduleController::show() should be compatible with that of Think\Controller::show() D:\langs\php\wamp\www\Application\Home\Controller\ScheduleController.class.php 第 18 行.
NOTIC: [8] Undefined index: lite D:\langs\php\wamp\www\ThinkPHP\Library\Think\Db.class.php 第 37 行.
INFO: [ view_parse ] --START--
INFO: [ template_filter ] --START--
INFO: Run Behavior\ContentReplaceBehavior [ RunTime:0.000065s ]
INFO: [ template_filter ] --END-- [ RunTime:0.000144s ]
INFO: Run Behavior\ParseTemplateBehavior [ RunTime:0.043559s ]
INFO: [ view_parse ] --END-- [ RunTime:0.043663s ]
INFO: [ view_filter ] --START--
INFO: Run Behavior\WriteHtmlCacheBehavior [ RunTime:0.000977s ]
INFO: [ view_filter ] --END-- [ RunTime:0.001053s ]
INFO: [ app_end ] --START--
INFO: Run Behavior\ShowPageTraceBehavior [ RunTime:0.001056s ]
INFO: [ app_end ] --END-- [ RunTime:0.001136s ]

[ 2015-05-14T12:58:59+08:00 ] 127.0.0.1 /index.php/Home/Schedule/show?tId=1
INFO: [ app_init ] --START--
INFO: Run Behavior\BuildLiteBehavior [ RunTime:0.000020s ]
INFO: [ app_init ] --END-- [ RunTime:0.006826s ]
INFO: [ app_begin ] --START--
INFO: Run Behavior\ReadHtmlCacheBehavior [ RunTime:0.000756s ]
INFO: [ app_begin ] --END-- [ RunTime:0.000826s ]
NOTIC: [2048] Declaration of Home\Controller\ScheduleController::show() should be compatible with that of Think\Controller::show() D:\langs\php\wamp\www\Application\Home\Controller\ScheduleController.class.php 第 18 行.
NOTIC: [8] Undefined index: lite D:\langs\php\wamp\www\ThinkPHP\Library\Think\Db.class.php 第 37 行.
INFO: [ view_parse ] --START--
INFO: [ template_filter ] --START--
INFO: Run Behavior\ContentReplaceBehavior [ RunTime:0.000066s ]
INFO: [ template_filter ] --END-- [ RunTime:0.000151s ]
INFO: Run Behavior\ParseTemplateBehavior [ RunTime:0.029612s ]
INFO: [ view_parse ] --END-- [ RunTime:0.029706s ]
INFO: [ view_filter ] --START--
INFO: Run Behavior\WriteHtmlCacheBehavior [ RunTime:0.000429s ]
INFO: [ view_filter ] --END-- [ RunTime:0.000487s ]
INFO: [ app_end ] --START--
INFO: Run Behavior\ShowPageTraceBehavior [ RunTime:0.000721s ]
INFO: [ app_end ] --END-- [ RunTime:0.000784s ]

[ 2015-05-14T13:00:41+08:00 ] 127.0.0.1 /index.php/Home/Schedule/show?tId=1
INFO: [ app_init ] --START--
INFO: Run Behavior\BuildLiteBehavior [ RunTime:0.000019s ]
INFO: [ app_init ] --END-- [ RunTime:0.007517s ]
INFO: [ app_begin ] --START--
INFO: Run Behavior\ReadHtmlCacheBehavior [ RunTime:0.001319s ]
INFO: [ app_begin ] --END-- [ RunTime:0.001407s ]
NOTIC: [2048] Declaration of Home\Controller\ScheduleController::show() should be compatible with that of Think\Controller::show() D:\langs\php\wamp\www\Application\Home\Controller\ScheduleController.class.php 第 18 行.
NOTIC: [8] Undefined index: lite D:\langs\php\wamp\www\ThinkPHP\Library\Think\Db.class.php 第 37 行.
INFO: [ view_parse ] --START--
INFO: [ template_filter ] --START--
INFO: Run Behavior\ContentReplaceBehavior [ RunTime:0.000072s ]
INFO: [ template_filter ] --END-- [ RunTime:0.000177s ]
INFO: Run Behavior\ParseTemplateBehavior [ RunTime:0.120384s ]
INFO: [ view_parse ] --END-- [ RunTime:0.120496s ]
INFO: [ view_filter ] --START--
INFO: Run Behavior\WriteHtmlCacheBehavior [ RunTime:0.001090s ]
INFO: [ view_filter ] --END-- [ RunTime:0.001169s ]
INFO: [ app_end ] --START--
INFO: Run Behavior\ShowPageTraceBehavior [ RunTime:0.001249s ]
INFO: [ app_end ] --END-- [ RunTime:0.001329s ]

[ 2015-05-14T13:02:48+08:00 ] 127.0.0.1 /index.php/Home/Schedule/show?tId=1
INFO: [ app_init ] --START--
INFO: Run Behavior\BuildLiteBehavior [ RunTime:0.000020s ]
INFO: [ app_init ] --END-- [ RunTime:0.006898s ]
INFO: [ app_begin ] --START--
INFO: Run Behavior\ReadHtmlCacheBehavior [ RunTime:0.001228s ]
INFO: [ app_begin ] --END-- [ RunTime:0.001303s ]
NOTIC: [2048] Declaration of Home\Controller\ScheduleController::show() should be compatible with that of Think\Controller::show() D:\langs\php\wamp\www\Application\Home\Controller\ScheduleController.class.php 第 18 行.
NOTIC: [8] Undefined index: lite D:\langs\php\wamp\www\ThinkPHP\Library\Think\Db.class.php 第 37 行.
INFO: [ view_parse ] --START--
INFO: [ template_filter ] --START--
INFO: Run Behavior\ContentReplaceBehavior [ RunTime:0.000070s ]
INFO: [ template_filter ] --END-- [ RunTime:0.000170s ]
INFO: Run Behavior\ParseTemplateBehavior [ RunTime:0.086298s ]
INFO: [ view_parse ] --END-- [ RunTime:0.086426s ]
INFO: [ view_filter ] --START--
INFO: Run Behavior\WriteHtmlCacheBehavior [ RunTime:0.001384s ]
INFO: [ view_filter ] --END-- [ RunTime:0.001498s ]
INFO: [ app_end ] --START--
INFO: Run Behavior\ShowPageTraceBehavior [ RunTime:0.002991s ]
INFO: [ app_end ] --END-- [ RunTime:0.003154s ]

[ 2015-05-14T13:03:37+08:00 ] 127.0.0.1 /index.php/Home/Schedule/show?tId=1
INFO: [ app_init ] --START--
INFO: Run Behavior\BuildLiteBehavior [ RunTime:0.000020s ]
INFO: [ app_init ] --END-- [ RunTime:0.006764s ]
INFO: [ app_begin ] --START--
INFO: Run Behavior\ReadHtmlCacheBehavior [ RunTime:0.002863s ]
INFO: [ app_begin ] --END-- [ RunTime:0.002959s ]
NOTIC: [2048] Declaration of Home\Controller\ScheduleController::show() should be compatible with that of Think\Controller::show() D:\langs\php\wamp\www\Application\Home\Controller\ScheduleController.class.php 第 18 行.
NOTIC: [8] Undefined index: lite D:\langs\php\wamp\www\ThinkPHP\Library\Think\Db.class.php 第 37 行.
INFO: [ view_parse ] --START--
INFO: [ template_filter ] --START--
INFO: Run Behavior\ContentReplaceBehavior [ RunTime:0.000062s ]
INFO: [ template_filter ] --END-- [ RunTime:0.000137s ]
INFO: Run Behavior\ParseTemplateBehavior [ RunTime:0.035108s ]
INFO: [ view_parse ] --END-- [ RunTime:0.035203s ]
INFO: [ view_filter ] --START--
INFO: Run Behavior\WriteHtmlCacheBehavior [ RunTime:0.000759s ]
INFO: [ view_filter ] --END-- [ RunTime:0.000820s ]
INFO: [ app_end ] --START--
INFO: Run Behavior\ShowPageTraceBehavior [ RunTime:0.000968s ]
INFO: [ app_end ] --END-- [ RunTime:0.001029s ]

