[ 2015-05-13T09:25:13+08:00 ] 127.0.0.1 /index.php/Home/Schedule/show?teacherId=1
INFO: [ app_init ] --START--
INFO: Run Behavior\BuildLiteBehavior [ RunTime:0.000019s ]
INFO: [ app_init ] --END-- [ RunTime:0.006993s ]
INFO: [ app_begin ] --START--
INFO: Run Behavior\ReadHtmlCacheBehavior [ RunTime:0.001249s ]
INFO: [ app_begin ] --END-- [ RunTime:0.001341s ]
NOTIC: [2048] Declaration of Home\Controller\ScheduleController::show() should be compatible with that of Think\Controller::show() D:\langs\php\wamp\www\Application\Home\Controller\ScheduleController.class.php 第 16 行.
ERR: 无法加载数据库驱动: Think\Db\Driver\

[ 2015-05-13T09:25:15+08:00 ] 127.0.0.1 /index.php/Home/Schedule/show?teacherId=1
INFO: [ app_init ] --START--
INFO: Run Behavior\BuildLiteBehavior [ RunTime:0.000019s ]
INFO: [ app_init ] --END-- [ RunTime:0.006684s ]
INFO: [ app_begin ] --START--
INFO: Run Behavior\ReadHtmlCacheBehavior [ RunTime:0.000940s ]
INFO: [ app_begin ] --END-- [ RunTime:0.001024s ]
NOTIC: [2048] Declaration of Home\Controller\ScheduleController::show() should be compatible with that of Think\Controller::show() D:\langs\php\wamp\www\Application\Home\Controller\ScheduleController.class.php 第 16 行.
ERR: 无法加载数据库驱动: Think\Db\Driver\

[ 2015-05-13T09:26:14+08:00 ] 127.0.0.1 /index.php/Home/Schedule/show?teacherId=1
INFO: [ app_init ] --START--
INFO: Run Behavior\BuildLiteBehavior [ RunTime:0.000021s ]
INFO: [ app_init ] --END-- [ RunTime:0.006756s ]
INFO: [ app_begin ] --START--
INFO: Run Behavior\ReadHtmlCacheBehavior [ RunTime:0.001179s ]
INFO: [ app_begin ] --END-- [ RunTime:0.001506s ]
NOTIC: [2048] Declaration of Home\Controller\ScheduleController::show() should be compatible with that of Think\Controller::show() D:\langs\php\wamp\www\Application\Home\Controller\ScheduleController.class.php 第 16 行.
NOTIC: [8] Undefined variable: Schedule D:\langs\php\wamp\www\Application\Home\Controller\ScheduleController.class.php 第 7 行.
ERR: 无法加载数据库驱动: Think\Db\Driver\

[ 2015-05-13T09:27:53+08:00 ] 127.0.0.1 /index.php/Home/Schedule/show?teacherId=1
INFO: [ app_init ] --START--
INFO: Run Behavior\BuildLiteBehavior [ RunTime:0.000020s ]
INFO: [ app_init ] --END-- [ RunTime:0.006682s ]
INFO: [ app_begin ] --START--
INFO: Run Behavior\ReadHtmlCacheBehavior [ RunTime:0.001134s ]
INFO: [ app_begin ] --END-- [ RunTime:0.001213s ]
NOTIC: [2048] Declaration of Home\Controller\ScheduleController::show() should be compatible with that of Think\Controller::show() D:\langs\php\wamp\www\Application\Home\Controller\ScheduleController.class.php 第 16 行.
ERR: 无法加载数据库驱动: Think\Db\Driver\

[ 2015-05-13T09:28:32+08:00 ] 127.0.0.1 /index.php/Home/Schedule/show?teacherId=1
INFO: [ app_init ] --START--
INFO: Run Behavior\BuildLiteBehavior [ RunTime:0.000021s ]
INFO: [ app_init ] --END-- [ RunTime:0.007110s ]
INFO: [ app_begin ] --START--
INFO: Run Behavior\ReadHtmlCacheBehavior [ RunTime:0.001228s ]
INFO: [ app_begin ] --END-- [ RunTime:0.001311s ]
NOTIC: [2048] Declaration of Home\Controller\ScheduleController::show() should be compatible with that of Think\Controller::show() D:\langs\php\wamp\www\Application\Home\Controller\ScheduleController.class.php 第 16 行.
ERR: 无法加载数据库驱动: Think\Db\Driver\

[ 2015-05-13T09:28:49+08:00 ] 127.0.0.1 /index.php/Home/Schedule/show?teacherId=1
INFO: [ app_init ] --START--
INFO: Run Behavior\BuildLiteBehavior [ RunTime:0.000019s ]
INFO: [ app_init ] --END-- [ RunTime:0.006688s ]
INFO: [ app_begin ] --START--
INFO: Run Behavior\ReadHtmlCacheBehavior [ RunTime:0.001714s ]
INFO: [ app_begin ] --END-- [ RunTime:0.001809s ]
NOTIC: [2048] Declaration of Home\Controller\ScheduleController::show() should be compatible with that of Think\Controller::show() D:\langs\php\wamp\www\Application\Home\Controller\ScheduleController.class.php 第 17 行.

[ 2015-05-13T09:29:49+08:00 ] 127.0.0.1 /index.php/Home/Schedule/show?teacherId=1
INFO: [ app_init ] --START--
INFO: Run Behavior\BuildLiteBehavior [ RunTime:0.000019s ]
INFO: [ app_init ] --END-- [ RunTime:0.006612s ]
INFO: [ app_begin ] --START--
INFO: Run Behavior\ReadHtmlCacheBehavior [ RunTime:0.000761s ]
INFO: [ app_begin ] --END-- [ RunTime:0.000841s ]
NOTIC: [2048] Declaration of Home\Controller\ScheduleController::show() should be compatible with that of Think\Controller::show() D:\langs\php\wamp\www\Application\Home\Controller\ScheduleController.class.php 第 16 行.
ERR: 无法加载数据库驱动: Think\Db\Driver\

[ 2015-05-13T09:30:48+08:00 ] 127.0.0.1 /index.php/Home/Schedule/show?teacherId=1
INFO: [ app_init ] --START--
INFO: Run Behavior\BuildLiteBehavior [ RunTime:0.000021s ]
INFO: [ app_init ] --END-- [ RunTime:0.006982s ]
INFO: [ app_begin ] --START--
INFO: Run Behavior\ReadHtmlCacheBehavior [ RunTime:0.001130s ]
INFO: [ app_begin ] --END-- [ RunTime:0.001205s ]
NOTIC: [2048] Declaration of Home\Controller\ScheduleController::show() should be compatible with that of Think\Controller::show() D:\langs\php\wamp\www\Application\Home\Controller\ScheduleController.class.php 第 17 行.
ERR: 无法加载数据库驱动: Think\Db\Driver\

[ 2015-05-13T09:30:50+08:00 ] 127.0.0.1 /index.php/Home/Schedule/show?teacherId=1
INFO: [ app_init ] --START--
INFO: Run Behavior\BuildLiteBehavior [ RunTime:0.000024s ]
INFO: [ app_init ] --END-- [ RunTime:0.006847s ]
INFO: [ app_begin ] --START--
INFO: Run Behavior\ReadHtmlCacheBehavior [ RunTime:0.000773s ]
INFO: [ app_begin ] --END-- [ RunTime:0.000855s ]
NOTIC: [2048] Declaration of Home\Controller\ScheduleController::show() should be compatible with that of Think\Controller::show() D:\langs\php\wamp\www\Application\Home\Controller\ScheduleController.class.php 第 17 行.
ERR: 无法加载数据库驱动: Think\Db\Driver\

[ 2015-05-13T09:30:51+08:00 ] 127.0.0.1 /index.php/Home/Schedule/show?teacherId=1
INFO: [ app_init ] --START--
INFO: Run Behavior\BuildLiteBehavior [ RunTime:0.000023s ]
INFO: [ app_init ] --END-- [ RunTime:0.006530s ]
INFO: [ app_begin ] --START--
INFO: Run Behavior\ReadHtmlCacheBehavior [ RunTime:0.000672s ]
INFO: [ app_begin ] --END-- [ RunTime:0.000742s ]
NOTIC: [2048] Declaration of Home\Controller\ScheduleController::show() should be compatible with that of Think\Controller::show() D:\langs\php\wamp\www\Application\Home\Controller\ScheduleController.class.php 第 17 行.
ERR: 无法加载数据库驱动: Think\Db\Driver\

[ 2015-05-13T09:30:52+08:00 ] 127.0.0.1 /index.php/Home/Schedule/show?teacherId=1
INFO: [ app_init ] --START--
INFO: Run Behavior\BuildLiteBehavior [ RunTime:0.000020s ]
INFO: [ app_init ] --END-- [ RunTime:0.006657s ]
INFO: [ app_begin ] --START--
INFO: Run Behavior\ReadHtmlCacheBehavior [ RunTime:0.000699s ]
INFO: [ app_begin ] --END-- [ RunTime:0.000775s ]
NOTIC: [2048] Declaration of Home\Controller\ScheduleController::show() should be compatible with that of Think\Controller::show() D:\langs\php\wamp\www\Application\Home\Controller\ScheduleController.class.php 第 17 行.
ERR: 无法加载数据库驱动: Think\Db\Driver\

[ 2015-05-13T09:31:02+08:00 ] 127.0.0.1 /index.php/Home/Schedule/show?teacherId=1
INFO: [ app_init ] --START--
INFO: Run Behavior\BuildLiteBehavior [ RunTime:0.000019s ]
INFO: [ app_init ] --END-- [ RunTime:0.006625s ]
INFO: [ app_begin ] --START--
INFO: Run Behavior\ReadHtmlCacheBehavior [ RunTime:0.000668s ]
INFO: [ app_begin ] --END-- [ RunTime:0.000735s ]
NOTIC: [2048] Declaration of Home\Controller\ScheduleController::show() should be compatible with that of Think\Controller::show() D:\langs\php\wamp\www\Application\Home\Controller\ScheduleController.class.php 第 17 行.

[ 2015-05-13T09:32:07+08:00 ] 127.0.0.1 /index.php/Home/Schedule/show?teacherId=1
INFO: [ app_init ] --START--
INFO: Run Behavior\BuildLiteBehavior [ RunTime:0.000020s ]
INFO: [ app_init ] --END-- [ RunTime:0.006742s ]
INFO: [ app_begin ] --START--
INFO: Run Behavior\ReadHtmlCacheBehavior [ RunTime:0.001101s ]
INFO: [ app_begin ] --END-- [ RunTime:0.001172s ]
NOTIC: [2048] Declaration of Home\Controller\ScheduleController::show() should be compatible with that of Think\Controller::show() D:\langs\php\wamp\www\Application\Home\Controller\ScheduleController.class.php 第 16 行.
ERR: 无法加载数据库驱动: Think\Db\Driver\

[ 2015-05-13T09:33:04+08:00 ] 127.0.0.1 /index.php/Home/Schedule/show?teacherId=1
INFO: [ app_init ] --START--
INFO: Run Behavior\BuildLiteBehavior [ RunTime:0.000020s ]
INFO: [ app_init ] --END-- [ RunTime:0.007097s ]
INFO: [ app_begin ] --START--
INFO: Run Behavior\ReadHtmlCacheBehavior [ RunTime:0.001158s ]
INFO: [ app_begin ] --END-- [ RunTime:0.001234s ]
NOTIC: [2048] Declaration of Home\Controller\ScheduleController::show() should be compatible with that of Think\Controller::show() D:\langs\php\wamp\www\Application\Home\Controller\ScheduleController.class.php 第 16 行.
ERR: 无法加载数据库驱动: Think\Db\Driver\

[ 2015-05-13T09:33:15+08:00 ] 127.0.0.1 /index.php/Home/Schedule/show?teacherId=1
INFO: [ app_init ] --START--
INFO: Run Behavior\BuildLiteBehavior [ RunTime:0.000021s ]
INFO: [ app_init ] --END-- [ RunTime:0.006852s ]
INFO: [ app_begin ] --START--
INFO: Run Behavior\ReadHtmlCacheBehavior [ RunTime:0.000905s ]
INFO: [ app_begin ] --END-- [ RunTime:0.000999s ]
NOTIC: [2048] Declaration of Home\Controller\ScheduleController::show() should be compatible with that of Think\Controller::show() D:\langs\php\wamp\www\Application\Home\Controller\ScheduleController.class.php 第 16 行.
ERR: 无法加载数据库驱动: Think\Db\Driver\

[ 2015-05-13T09:38:40+08:00 ] 127.0.0.1 /index.php/Home/Schedule/show?teacherId=1
INFO: [ app_init ] --START--
INFO: Run Behavior\BuildLiteBehavior [ RunTime:0.000022s ]
INFO: [ app_init ] --END-- [ RunTime:0.006644s ]
INFO: [ app_begin ] --START--
INFO: Run Behavior\ReadHtmlCacheBehavior [ RunTime:0.001143s ]
INFO: [ app_begin ] --END-- [ RunTime:0.001220s ]
NOTIC: [2048] Declaration of Home\Controller\ScheduleController::show() should be compatible with that of Think\Controller::show() D:\langs\php\wamp\www\Application\Home\Controller\ScheduleController.class.php 第 23 行.
INFO: [ app_end ] --START--
INFO: Run Behavior\ShowPageTraceBehavior [ RunTime:0.021902s ]
INFO: [ app_end ] --END-- [ RunTime:0.022065s ]

[ 2015-05-13T09:41:41+08:00 ] 127.0.0.1 /index.php/Home/Schedule/show?teacherId=1
INFO: [ app_init ] --START--
INFO: Run Behavior\BuildLiteBehavior [ RunTime:0.000021s ]
INFO: [ app_init ] --END-- [ RunTime:0.006689s ]
INFO: [ app_begin ] --START--
INFO: Run Behavior\ReadHtmlCacheBehavior [ RunTime:0.001142s ]
INFO: [ app_begin ] --END-- [ RunTime:0.001220s ]
NOTIC: [2048] Declaration of Home\Controller\ScheduleController::show() should be compatible with that of Think\Controller::show() D:\langs\php\wamp\www\Application\Home\Controller\ScheduleController.class.php 第 18 行.
ERR: 无法加载数据库驱动: Think\Db\Driver\

[ 2015-05-13T09:42:51+08:00 ] 127.0.0.1 /index.php/Home/Schedule/show?teacherId=1
INFO: [ app_init ] --START--
INFO: Run Behavior\BuildLiteBehavior [ RunTime:0.000021s ]
INFO: [ app_init ] --END-- [ RunTime:0.007378s ]
INFO: [ app_begin ] --START--
INFO: Run Behavior\ReadHtmlCacheBehavior [ RunTime:0.001394s ]
INFO: [ app_begin ] --END-- [ RunTime:0.001491s ]
NOTIC: [2048] Declaration of Home\Controller\ScheduleController::show() should be compatible with that of Think\Controller::show() D:\langs\php\wamp\www\Application\Home\Controller\ScheduleController.class.php 第 16 行.

[ 2015-05-13T12:36:53+08:00 ] 127.0.0.1 /index.php/Home/Schedule/show?teacherId=1
INFO: [ app_init ] --START--
INFO: Run Behavior\BuildLiteBehavior [ RunTime:0.000033s ]
INFO: [ app_init ] --END-- [ RunTime:0.043070s ]
INFO: [ app_begin ] --START--
INFO: Run Behavior\ReadHtmlCacheBehavior [ RunTime:0.015736s ]
INFO: [ app_begin ] --END-- [ RunTime:0.015862s ]
NOTIC: [2048] Declaration of Home\Controller\ScheduleController::show() should be compatible with that of Think\Controller::show() D:\langs\php\wamp\www\Application\Home\Controller\ScheduleController.class.php 第 16 行.

[ 2015-05-13T12:37:23+08:00 ] 127.0.0.1 /index.php/Home/Schedule/show?teacherId=1
INFO: [ app_init ] --START--
INFO: Run Behavior\BuildLiteBehavior [ RunTime:0.000020s ]
INFO: [ app_init ] --END-- [ RunTime:0.006486s ]
INFO: [ app_begin ] --START--
INFO: Run Behavior\ReadHtmlCacheBehavior [ RunTime:0.000681s ]
INFO: [ app_begin ] --END-- [ RunTime:0.000748s ]
NOTIC: [2048] Declaration of Home\Controller\ScheduleController::show() should be compatible with that of Think\Controller::show() D:\langs\php\wamp\www\Application\Home\Controller\ScheduleController.class.php 第 16 行.
ERR: 无法加载数据库驱动: Think\Db\Driver\

[ 2015-05-13T12:40:18+08:00 ] 127.0.0.1 /index.php/Home/Schedule/show?teacherId=1
INFO: [ app_init ] --START--
INFO: Run Behavior\BuildLiteBehavior [ RunTime:0.000020s ]
INFO: [ app_init ] --END-- [ RunTime:0.006957s ]
INFO: [ app_begin ] --START--
INFO: Run Behavior\ReadHtmlCacheBehavior [ RunTime:0.001141s ]
INFO: [ app_begin ] --END-- [ RunTime:0.001214s ]
NOTIC: [2048] Declaration of Home\Controller\ScheduleController::show() should be compatible with that of Think\Controller::show() D:\langs\php\wamp\www\Application\Home\Controller\ScheduleController.class.php 第 16 行.
ERR: 无法加载数据库驱动: Think\Db\Driver\

[ 2015-05-13T12:40:19+08:00 ] 127.0.0.1 /index.php/Home/Schedule/show?teacherId=1
INFO: [ app_init ] --START--
INFO: Run Behavior\BuildLiteBehavior [ RunTime:0.000019s ]
INFO: [ app_init ] --END-- [ RunTime:0.006523s ]
INFO: [ app_begin ] --START--
INFO: Run Behavior\ReadHtmlCacheBehavior [ RunTime:0.000670s ]
INFO: [ app_begin ] --END-- [ RunTime:0.000736s ]
NOTIC: [2048] Declaration of Home\Controller\ScheduleController::show() should be compatible with that of Think\Controller::show() D:\langs\php\wamp\www\Application\Home\Controller\ScheduleController.class.php 第 16 行.
ERR: 无法加载数据库驱动: Think\Db\Driver\

[ 2015-05-13T12:40:35+08:00 ] 127.0.0.1 /index.php/Home/Schedule/show?teacherId=1
INFO: [ app_init ] --START--
INFO: Run Behavior\BuildLiteBehavior [ RunTime:0.000019s ]
INFO: [ app_init ] --END-- [ RunTime:0.006683s ]
INFO: [ app_begin ] --START--
INFO: Run Behavior\ReadHtmlCacheBehavior [ RunTime:0.001240s ]
INFO: [ app_begin ] --END-- [ RunTime:0.001428s ]
NOTIC: [2048] Declaration of Home\Controller\ScheduleController::show() should be compatible with that of Think\Controller::show() D:\langs\php\wamp\www\Application\Home\Controller\ScheduleController.class.php 第 16 行.
ERR: 无法加载数据库驱动: Think\Db\Driver\

[ 2015-05-13T12:44:05+08:00 ] 127.0.0.1 /index.php/Home/Schedule/show?teacherId=1
INFO: [ app_init ] --START--
INFO: Run Behavior\BuildLiteBehavior [ RunTime:0.000020s ]
INFO: [ app_init ] --END-- [ RunTime:0.007094s ]
INFO: [ app_begin ] --START--
INFO: Run Behavior\ReadHtmlCacheBehavior [ RunTime:0.001156s ]
INFO: [ app_begin ] --END-- [ RunTime:0.001233s ]
NOTIC: [2048] Declaration of Home\Controller\ScheduleController::show() should be compatible with that of Think\Controller::show() D:\langs\php\wamp\www\Application\Home\Controller\ScheduleController.class.php 第 16 行.
ERR: 无法加载数据库驱动: Think\Db\Driver\

[ 2015-05-13T12:45:44+08:00 ] 127.0.0.1 /index.php/Home/Schedule/show?teacherId=1
INFO: [ app_init ] --START--
INFO: Run Behavior\BuildLiteBehavior [ RunTime:0.000020s ]
INFO: [ app_init ] --END-- [ RunTime:0.006867s ]
INFO: [ app_begin ] --START--
INFO: Run Behavior\ReadHtmlCacheBehavior [ RunTime:0.001109s ]
INFO: [ app_begin ] --END-- [ RunTime:0.001180s ]
NOTIC: [2048] Declaration of Home\Controller\ScheduleController::show() should be compatible with that of Think\Controller::show() D:\langs\php\wamp\www\Application\Home\Controller\ScheduleController.class.php 第 16 行.
ERR: 无法加载数据库驱动: Think\Db\Driver\

[ 2015-05-13T12:45:47+08:00 ] 127.0.0.1 /index.php/Home/Schedule/show?teacherId=1
INFO: [ app_init ] --START--
INFO: Run Behavior\BuildLiteBehavior [ RunTime:0.000023s ]
INFO: [ app_init ] --END-- [ RunTime:0.006844s ]
INFO: [ app_begin ] --START--
INFO: Run Behavior\ReadHtmlCacheBehavior [ RunTime:0.000679s ]
INFO: [ app_begin ] --END-- [ RunTime:0.000747s ]
NOTIC: [2048] Declaration of Home\Controller\ScheduleController::show() should be compatible with that of Think\Controller::show() D:\langs\php\wamp\www\Application\Home\Controller\ScheduleController.class.php 第 16 行.
ERR: 无法加载数据库驱动: Think\Db\Driver\

[ 2015-05-13T12:50:36+08:00 ] 127.0.0.1 /index.php/Home/Schedule/show?teacherId=1
INFO: [ app_init ] --START--
INFO: Run Behavior\BuildLiteBehavior [ RunTime:0.000023s ]
INFO: [ app_init ] --END-- [ RunTime:0.007093s ]
INFO: [ app_begin ] --START--
INFO: Run Behavior\ReadHtmlCacheBehavior [ RunTime:0.001220s ]
INFO: [ app_begin ] --END-- [ RunTime:0.001314s ]
NOTIC: [2048] Declaration of Home\Controller\ScheduleController::show() should be compatible with that of Think\Controller::show() D:\langs\php\wamp\www\Application\Home\Controller\ScheduleController.class.php 第 16 行.
ERR: SQLSTATE[42S02]: Base table or view not found: 1146 Table 'classoa.schedule' doesn't exist

[ 2015-05-13T12:50:54+08:00 ] 127.0.0.1 /index.php/Home/Schedule/show?teacherId=1
INFO: [ app_init ] --START--
INFO: Run Behavior\BuildLiteBehavior [ RunTime:0.000020s ]
INFO: [ app_init ] --END-- [ RunTime:0.006981s ]
INFO: [ app_begin ] --START--
INFO: Run Behavior\ReadHtmlCacheBehavior [ RunTime:0.001106s ]
INFO: [ app_begin ] --END-- [ RunTime:0.001178s ]
NOTIC: [2048] Declaration of Home\Controller\ScheduleController::show() should be compatible with that of Think\Controller::show() D:\langs\php\wamp\www\Application\Home\Controller\ScheduleController.class.php 第 16 行.
NOTIC: [8] Undefined index: lite D:\langs\php\wamp\www\ThinkPHP\Library\Think\Db.class.php 第 37 行.
ERR: SQLSTATE[42S02]: Base table or view not found: 1146 Table 'classoa.schedule' doesn't exist

[ 2015-05-13T12:51:46+08:00 ] 127.0.0.1 /index.php/Home/Schedule/show?teacherId=1
INFO: [ app_init ] --START--
INFO: Run Behavior\BuildLiteBehavior [ RunTime:0.000020s ]
INFO: [ app_init ] --END-- [ RunTime:0.006684s ]
INFO: [ app_begin ] --START--
INFO: Run Behavior\ReadHtmlCacheBehavior [ RunTime:0.000710s ]
INFO: [ app_begin ] --END-- [ RunTime:0.000779s ]
NOTIC: [2048] Declaration of Home\Controller\ScheduleController::show() should be compatible with that of Think\Controller::show() D:\langs\php\wamp\www\Application\Home\Controller\ScheduleController.class.php 第 16 行.
NOTIC: [8] Undefined index: lite D:\langs\php\wamp\www\ThinkPHP\Library\Think\Db.class.php 第 37 行.
ERR: SQLSTATE[42S02]: Base table or view not found: 1146 Table 'classoa.schedule' doesn't exist

[ 2015-05-13T12:51:48+08:00 ] 127.0.0.1 /index.php/Home/Schedule/show?teacherId=1
INFO: [ app_init ] --START--
INFO: Run Behavior\BuildLiteBehavior [ RunTime:0.000021s ]
INFO: [ app_init ] --END-- [ RunTime:0.006845s ]
INFO: [ app_begin ] --START--
INFO: Run Behavior\ReadHtmlCacheBehavior [ RunTime:0.000839s ]
INFO: [ app_begin ] --END-- [ RunTime:0.000927s ]
NOTIC: [2048] Declaration of Home\Controller\ScheduleController::show() should be compatible with that of Think\Controller::show() D:\langs\php\wamp\www\Application\Home\Controller\ScheduleController.class.php 第 16 行.
NOTIC: [8] Undefined index: lite D:\langs\php\wamp\www\ThinkPHP\Library\Think\Db.class.php 第 37 行.
ERR: SQLSTATE[42S02]: Base table or view not found: 1146 Table 'classoa.schedule' doesn't exist

[ 2015-05-13T12:54:11+08:00 ] 127.0.0.1 /index.php/Home/Schedule/show?teacherId=1
INFO: [ app_init ] --START--
INFO: Run Behavior\BuildLiteBehavior [ RunTime:0.000020s ]
INFO: [ app_init ] --END-- [ RunTime:0.006670s ]
INFO: [ app_begin ] --START--
INFO: Run Behavior\ReadHtmlCacheBehavior [ RunTime:0.001138s ]
INFO: [ app_begin ] --END-- [ RunTime:0.001215s ]
NOTIC: [2048] Declaration of Home\Controller\ScheduleController::show() should be compatible with that of Think\Controller::show() D:\langs\php\wamp\www\Application\Home\Controller\ScheduleController.class.php 第 16 行.
ERR: 无法加载数据库驱动: Think\Db\Driver\

[ 2015-05-13T12:54:37+08:00 ] 127.0.0.1 /index.php/Home/Schedule/show?teacherId=1
INFO: [ app_init ] --START--
INFO: Run Behavior\BuildLiteBehavior [ RunTime:0.000022s ]
INFO: [ app_init ] --END-- [ RunTime:0.007486s ]
INFO: [ app_begin ] --START--
INFO: Run Behavior\ReadHtmlCacheBehavior [ RunTime:0.001184s ]
INFO: [ app_begin ] --END-- [ RunTime:0.001265s ]
NOTIC: [2048] Declaration of Home\Controller\ScheduleController::show() should be compatible with that of Think\Controller::show() D:\langs\php\wamp\www\Application\Home\Controller\ScheduleController.class.php 第 16 行.
NOTIC: [8] Undefined index: lite D:\langs\php\wamp\www\ThinkPHP\Library\Think\Db.class.php 第 37 行.
ERR: SQLSTATE[42S02]: Base table or view not found: 1146 Table 'classoa.schedule' doesn't exist

[ 2015-05-13T12:58:52+08:00 ] 127.0.0.1 /index.php/Home/Schedule/show?teacherId=1
INFO: [ app_init ] --START--
INFO: Run Behavior\BuildLiteBehavior [ RunTime:0.000020s ]
INFO: [ app_init ] --END-- [ RunTime:0.006650s ]
INFO: [ app_begin ] --START--
INFO: Run Behavior\ReadHtmlCacheBehavior [ RunTime:0.001447s ]
INFO: [ app_begin ] --END-- [ RunTime:0.001654s ]
NOTIC: [2048] Declaration of Home\Controller\ScheduleController::show() should be compatible with that of Think\Controller::show() D:\langs\php\wamp\www\Application\Home\Controller\ScheduleController.class.php 第 20 行.

[ 2015-05-13T12:59:07+08:00 ] 127.0.0.1 /index.php/Home/Schedule/show?teacherId=1
INFO: [ app_init ] --START--
INFO: Run Behavior\BuildLiteBehavior [ RunTime:0.000019s ]
INFO: [ app_init ] --END-- [ RunTime:0.006625s ]
INFO: [ app_begin ] --START--
INFO: Run Behavior\ReadHtmlCacheBehavior [ RunTime:0.001134s ]
INFO: [ app_begin ] --END-- [ RunTime:0.001212s ]
NOTIC: [2048] Declaration of Home\Controller\ScheduleController::show() should be compatible with that of Think\Controller::show() D:\langs\php\wamp\www\Application\Home\Controller\ScheduleController.class.php 第 20 行.
ERR: 无法加载数据库驱动: Think\Db\Driver\

[ 2015-05-13T12:59:22+08:00 ] 127.0.0.1 /index.php/Home/Schedule/show?teacherId=1
INFO: [ app_init ] --START--
INFO: Run Behavior\BuildLiteBehavior [ RunTime:0.000021s ]
INFO: [ app_init ] --END-- [ RunTime:0.007366s ]
INFO: [ app_begin ] --START--
INFO: Run Behavior\ReadHtmlCacheBehavior [ RunTime:0.000839s ]
INFO: [ app_begin ] --END-- [ RunTime:0.000926s ]
NOTIC: [2048] Declaration of Home\Controller\ScheduleController::show() should be compatible with that of Think\Controller::show() D:\langs\php\wamp\www\Application\Home\Controller\ScheduleController.class.php 第 20 行.
ERR: 无法加载数据库驱动: Think\Db\Driver\

[ 2015-05-13T13:03:31+08:00 ] 127.0.0.1 /index.php/Home/Schedule/show?teacherId=1
INFO: [ app_init ] --START--
INFO: Run Behavior\BuildLiteBehavior [ RunTime:0.000021s ]
INFO: [ app_init ] --END-- [ RunTime:0.006961s ]
INFO: [ app_begin ] --START--
INFO: Run Behavior\ReadHtmlCacheBehavior [ RunTime:0.001169s ]
INFO: [ app_begin ] --END-- [ RunTime:0.001258s ]
NOTIC: [2048] Declaration of Home\Controller\ScheduleController::show() should be compatible with that of Think\Controller::show() D:\langs\php\wamp\www\Application\Home\Controller\ScheduleController.class.php 第 25 行.
NOTIC: [8] Undefined variable: connection D:\langs\php\wamp\www\Application\Home\Controller\ScheduleController.class.php 第 15 行.
ERR: 无法加载数据库驱动: Think\Db\Driver\

[ 2015-05-13T13:03:48+08:00 ] 127.0.0.1 /index.php/Home/Schedule/show?teacherId=1
INFO: [ app_init ] --START--
INFO: Run Behavior\BuildLiteBehavior [ RunTime:0.000021s ]
INFO: [ app_init ] --END-- [ RunTime:0.006867s ]
INFO: [ app_begin ] --START--
INFO: Run Behavior\ReadHtmlCacheBehavior [ RunTime:0.001291s ]
INFO: [ app_begin ] --END-- [ RunTime:0.001387s ]
NOTIC: [2048] Declaration of Home\Controller\ScheduleController::show() should be compatible with that of Think\Controller::show() D:\langs\php\wamp\www\Application\Home\Controller\ScheduleController.class.php 第 25 行.
NOTIC: [8] Undefined variable: connection D:\langs\php\wamp\www\Application\Home\Controller\ScheduleController.class.php 第 15 行.
ERR: 无法加载数据库驱动: Think\Db\Driver\

[ 2015-05-13T13:04:01+08:00 ] 127.0.0.1 /index.php/Home/Schedule/show?teacherId=1
INFO: [ app_init ] --START--
INFO: Run Behavior\BuildLiteBehavior [ RunTime:0.000020s ]
INFO: [ app_init ] --END-- [ RunTime:0.006542s ]
INFO: [ app_begin ] --START--
INFO: Run Behavior\ReadHtmlCacheBehavior [ RunTime:0.000676s ]
INFO: [ app_begin ] --END-- [ RunTime:0.000744s ]
NOTIC: [2048] Declaration of Home\Controller\ScheduleController::show() should be compatible with that of Think\Controller::show() D:\langs\php\wamp\www\Application\Home\Controller\ScheduleController.class.php 第 24 行.
ERR: 无法加载数据库驱动: Think\Db\Driver\

[ 2015-05-13T13:06:18+08:00 ] 127.0.0.1 /index.php/Home/Schedule/show?teacherId=1
INFO: [ app_init ] --START--
INFO: Run Behavior\BuildLiteBehavior [ RunTime:0.000019s ]
INFO: [ app_init ] --END-- [ RunTime:0.006687s ]
INFO: [ app_begin ] --START--
INFO: Run Behavior\ReadHtmlCacheBehavior [ RunTime:0.001167s ]
INFO: [ app_begin ] --END-- [ RunTime:0.001247s ]
NOTIC: [2048] Declaration of Home\Controller\ScheduleController::show() should be compatible with that of Think\Controller::show() D:\langs\php\wamp\www\Application\Home\Controller\ScheduleController.class.php 第 16 行.
NOTIC: [8] Undefined index: lite D:\langs\php\wamp\www\ThinkPHP\Library\Think\Db.class.php 第 37 行.
ERR: SQLSTATE[42S02]: Base table or view not found: 1146 Table 'classoa.schedule' doesn't exist

[ 2015-05-13T13:08:17+08:00 ] 127.0.0.1 /index.php/Home/Schedule/show?teacherId=1
INFO: [ app_init ] --START--
INFO: Run Behavior\BuildLiteBehavior [ RunTime:0.000023s ]
INFO: [ app_init ] --END-- [ RunTime:0.006732s ]
INFO: [ app_begin ] --START--
INFO: Run Behavior\ReadHtmlCacheBehavior [ RunTime:0.001149s ]
INFO: [ app_begin ] --END-- [ RunTime:0.001228s ]
NOTIC: [2048] Declaration of Home\Controller\ScheduleController::show() should be compatible with that of Think\Controller::show() D:\langs\php\wamp\www\Application\Home\Controller\ScheduleController.class.php 第 16 行.
NOTIC: [8] Undefined index: lite D:\langs\php\wamp\www\ThinkPHP\Library\Think\Db.class.php 第 37 行.
ERR: 无法加载数据库驱动: Think\Db\Driver\

[ 2015-05-13T13:09:13+08:00 ] 127.0.0.1 /index.php/Home/Schedule/show?teacherId=1
INFO: [ app_init ] --START--
INFO: Run Behavior\BuildLiteBehavior [ RunTime:0.000021s ]
INFO: [ app_init ] --END-- [ RunTime:0.007018s ]
INFO: [ app_begin ] --START--
INFO: Run Behavior\ReadHtmlCacheBehavior [ RunTime:0.001129s ]
INFO: [ app_begin ] --END-- [ RunTime:0.001201s ]
NOTIC: [2048] Declaration of Home\Controller\ScheduleController::show() should be compatible with that of Think\Controller::show() D:\langs\php\wamp\www\Application\Home\Controller\ScheduleController.class.php 第 16 行.
NOTIC: [8] Undefined index: lite D:\langs\php\wamp\www\ThinkPHP\Library\Think\Db.class.php 第 37 行.
ERR: 无法加载数据库驱动: Think\Db\Driver\

[ 2015-05-13T13:09:15+08:00 ] 127.0.0.1 /index.php/Home/Schedule/show?teacherId=1
INFO: [ app_init ] --START--
INFO: Run Behavior\BuildLiteBehavior [ RunTime:0.000027s ]
INFO: [ app_init ] --END-- [ RunTime:0.006525s ]
INFO: [ app_begin ] --START--
INFO: Run Behavior\ReadHtmlCacheBehavior [ RunTime:0.000799s ]
INFO: [ app_begin ] --END-- [ RunTime:0.000878s ]
NOTIC: [2048] Declaration of Home\Controller\ScheduleController::show() should be compatible with that of Think\Controller::show() D:\langs\php\wamp\www\Application\Home\Controller\ScheduleController.class.php 第 16 行.
NOTIC: [8] Undefined index: lite D:\langs\php\wamp\www\ThinkPHP\Library\Think\Db.class.php 第 37 行.
ERR: 无法加载数据库驱动: Think\Db\Driver\

[ 2015-05-13T13:10:01+08:00 ] 127.0.0.1 /index.php/Home/Schedule/show?teacherId=1
INFO: [ app_init ] --START--
INFO: Run Behavior\BuildLiteBehavior [ RunTime:0.000019s ]
INFO: [ app_init ] --END-- [ RunTime:0.006729s ]
INFO: [ app_begin ] --START--
INFO: Run Behavior\ReadHtmlCacheBehavior [ RunTime:0.000689s ]
INFO: [ app_begin ] --END-- [ RunTime:0.000774s ]
NOTIC: [2048] Declaration of Home\Controller\ScheduleController::show() should be compatible with that of Think\Controller::show() D:\langs\php\wamp\www\Application\Home\Controller\ScheduleController.class.php 第 16 行.
NOTIC: [8] Undefined index: lite D:\langs\php\wamp\www\ThinkPHP\Library\Think\Db.class.php 第 37 行.
ERR: 无法加载数据库驱动: Think\Db\Driver\

[ 2015-05-13T13:12:08+08:00 ] 127.0.0.1 /index.php/Home/Schedule/show?teacherId=1
INFO: [ app_init ] --START--
INFO: Run Behavior\BuildLiteBehavior [ RunTime:0.000019s ]
INFO: [ app_init ] --END-- [ RunTime:0.006670s ]
INFO: [ app_begin ] --START--
INFO: Run Behavior\ReadHtmlCacheBehavior [ RunTime:0.001124s ]
INFO: [ app_begin ] --END-- [ RunTime:0.001195s ]
NOTIC: [2048] Declaration of Home\Controller\ScheduleController::show() should be compatible with that of Think\Controller::show() D:\langs\php\wamp\www\Application\Home\Controller\ScheduleController.class.php 第 16 行.
NOTIC: [8] Undefined index: lite D:\langs\php\wamp\www\ThinkPHP\Library\Think\Db.class.php 第 37 行.
INFO: [ view_parse ] --START--
INFO: [ template_filter ] --START--
INFO: Run Behavior\ContentReplaceBehavior [ RunTime:0.000058s ]
INFO: [ template_filter ] --END-- [ RunTime:0.000142s ]
INFO: Run Behavior\ParseTemplateBehavior [ RunTime:0.092396s ]
INFO: [ view_parse ] --END-- [ RunTime:0.092501s ]
INFO: [ view_filter ] --START--
INFO: Run Behavior\WriteHtmlCacheBehavior [ RunTime:0.009450s ]
INFO: [ view_filter ] --END-- [ RunTime:0.009527s ]
INFO: [ app_end ] --START--
INFO: Run Behavior\ShowPageTraceBehavior [ RunTime:0.008880s ]
INFO: [ app_end ] --END-- [ RunTime:0.008970s ]

[ 2015-05-13T13:16:37+08:00 ] 127.0.0.1 /index.php/Home/Schedule/show?teacherId=1
INFO: [ app_init ] --START--
INFO: Run Behavior\BuildLiteBehavior [ RunTime:0.000021s ]
INFO: [ app_init ] --END-- [ RunTime:0.007206s ]
INFO: [ app_begin ] --START--
INFO: Run Behavior\ReadHtmlCacheBehavior [ RunTime:0.001106s ]
INFO: [ app_begin ] --END-- [ RunTime:0.001176s ]
NOTIC: [2048] Declaration of Home\Controller\ScheduleController::show() should be compatible with that of Think\Controller::show() D:\langs\php\wamp\www\Application\Home\Controller\ScheduleController.class.php 第 16 行.
NOTIC: [8] Undefined index: lite D:\langs\php\wamp\www\ThinkPHP\Library\Think\Db.class.php 第 37 行.
INFO: [ view_parse ] --START--
INFO: [ template_filter ] --START--
INFO: Run Behavior\ContentReplaceBehavior [ RunTime:0.000087s ]
INFO: [ template_filter ] --END-- [ RunTime:0.000236s ]
INFO: Run Behavior\ParseTemplateBehavior [ RunTime:0.106682s ]
INFO: [ view_parse ] --END-- [ RunTime:0.106778s ]
INFO: [ view_filter ] --START--
INFO: Run Behavior\WriteHtmlCacheBehavior [ RunTime:0.000742s ]
INFO: [ view_filter ] --END-- [ RunTime:0.000801s ]
INFO: [ app_end ] --START--
INFO: Run Behavior\ShowPageTraceBehavior [ RunTime:0.000982s ]
INFO: [ app_end ] --END-- [ RunTime:0.001044s ]

[ 2015-05-13T13:17:25+08:00 ] 127.0.0.1 /index.php/Home/Schedule/show?teacherId=1
INFO: [ app_init ] --START--
INFO: Run Behavior\BuildLiteBehavior [ RunTime:0.000020s ]
INFO: [ app_init ] --END-- [ RunTime:0.006670s ]
INFO: [ app_begin ] --START--
INFO: Run Behavior\ReadHtmlCacheBehavior [ RunTime:0.001323s ]
INFO: [ app_begin ] --END-- [ RunTime:0.001407s ]
NOTIC: [2048] Declaration of Home\Controller\ScheduleController::show() should be compatible with that of Think\Controller::show() D:\langs\php\wamp\www\Application\Home\Controller\ScheduleController.class.php 第 16 行.
NOTIC: [8] Undefined index: lite D:\langs\php\wamp\www\ThinkPHP\Library\Think\Db.class.php 第 37 行.
INFO: [ view_parse ] --START--
INFO: [ template_filter ] --START--
INFO: Run Behavior\ContentReplaceBehavior [ RunTime:0.000057s ]
INFO: [ template_filter ] --END-- [ RunTime:0.000144s ]
INFO: Run Behavior\ParseTemplateBehavior [ RunTime:0.019857s ]
INFO: [ view_parse ] --END-- [ RunTime:0.019951s ]
INFO: [ view_filter ] --START--
INFO: Run Behavior\WriteHtmlCacheBehavior [ RunTime:0.000717s ]
INFO: [ view_filter ] --END-- [ RunTime:0.000776s ]
INFO: [ app_end ] --START--
INFO: Run Behavior\ShowPageTraceBehavior [ RunTime:0.001009s ]
INFO: [ app_end ] --END-- [ RunTime:0.001076s ]

[ 2015-05-13T13:17:41+08:00 ] 127.0.0.1 /index.php/Home/Schedule/show?teacherId=1
INFO: [ app_init ] --START--
INFO: Run Behavior\BuildLiteBehavior [ RunTime:0.000020s ]
INFO: [ app_init ] --END-- [ RunTime:0.007437s ]
INFO: [ app_begin ] --START--
INFO: Run Behavior\ReadHtmlCacheBehavior [ RunTime:0.000754s ]
INFO: [ app_begin ] --END-- [ RunTime:0.000830s ]
NOTIC: [2048] Declaration of Home\Controller\ScheduleController::show() should be compatible with that of Think\Controller::show() D:\langs\php\wamp\www\Application\Home\Controller\ScheduleController.class.php 第 16 行.
NOTIC: [8] Undefined index: lite D:\langs\php\wamp\www\ThinkPHP\Library\Think\Db.class.php 第 37 行.
INFO: [ view_parse ] --START--
INFO: [ template_filter ] --START--
INFO: Run Behavior\ContentReplaceBehavior [ RunTime:0.000052s ]
INFO: [ template_filter ] --END-- [ RunTime:0.000123s ]
INFO: Run Behavior\ParseTemplateBehavior [ RunTime:0.017583s ]
INFO: [ view_parse ] --END-- [ RunTime:0.017677s ]
INFO: [ view_filter ] --START--
INFO: Run Behavior\WriteHtmlCacheBehavior [ RunTime:0.000397s ]
INFO: [ view_filter ] --END-- [ RunTime:0.000454s ]
INFO: [ app_end ] --START--
INFO: Run Behavior\ShowPageTraceBehavior [ RunTime:0.000655s ]
INFO: [ app_end ] --END-- [ RunTime:0.000714s ]

[ 2015-05-13T13:17:47+08:00 ] 127.0.0.1 /index.php/Home/Schedule/show?teacherId=1
INFO: [ app_init ] --START--
INFO: Run Behavior\BuildLiteBehavior [ RunTime:0.000023s ]
INFO: [ app_init ] --END-- [ RunTime:0.006892s ]
INFO: [ app_begin ] --START--
INFO: Run Behavior\ReadHtmlCacheBehavior [ RunTime:0.000695s ]
INFO: [ app_begin ] --END-- [ RunTime:0.000767s ]
NOTIC: [2048] Declaration of Home\Controller\ScheduleController::show() should be compatible with that of Think\Controller::show() D:\langs\php\wamp\www\Application\Home\Controller\ScheduleController.class.php 第 16 行.
NOTIC: [8] Undefined index: lite D:\langs\php\wamp\www\ThinkPHP\Library\Think\Db.class.php 第 37 行.
INFO: [ view_parse ] --START--
INFO: [ template_filter ] --START--
INFO: Run Behavior\ContentReplaceBehavior [ RunTime:0.000054s ]
INFO: [ template_filter ] --END-- [ RunTime:0.000134s ]
NOTIC: [8] Array to string conversion D:\langs\php\wamp\www\Application\Runtime\Cache\Home\44015553043f227afcde3a26ed3733ea.php 第 7 行.
NOTIC: [8] Undefined variable: Array D:\langs\php\wamp\www\Application\Runtime\Cache\Home\44015553043f227afcde3a26ed3733ea.php 第 7 行.
INFO: Run Behavior\ParseTemplateBehavior [ RunTime:0.018015s ]
INFO: [ view_parse ] --END-- [ RunTime:0.018100s ]
INFO: [ view_filter ] --START--
INFO: Run Behavior\WriteHtmlCacheBehavior [ RunTime:0.000410s ]
INFO: [ view_filter ] --END-- [ RunTime:0.000468s ]
INFO: [ app_end ] --START--
INFO: Run Behavior\ShowPageTraceBehavior [ RunTime:0.000669s ]
INFO: [ app_end ] --END-- [ RunTime:0.000729s ]

[ 2015-05-13T13:17:51+08:00 ] 127.0.0.1 /index.php/Home/Schedule/show?teacherId=1
INFO: [ app_init ] --START--
INFO: Run Behavior\BuildLiteBehavior [ RunTime:0.000020s ]
INFO: [ app_init ] --END-- [ RunTime:0.006831s ]
INFO: [ app_begin ] --START--
INFO: Run Behavior\ReadHtmlCacheBehavior [ RunTime:0.000686s ]
INFO: [ app_begin ] --END-- [ RunTime:0.000750s ]
NOTIC: [2048] Declaration of Home\Controller\ScheduleController::show() should be compatible with that of Think\Controller::show() D:\langs\php\wamp\www\Application\Home\Controller\ScheduleController.class.php 第 16 行.
NOTIC: [8] Undefined index: lite D:\langs\php\wamp\www\ThinkPHP\Library\Think\Db.class.php 第 37 行.
INFO: [ view_parse ] --START--
INFO: [ template_filter ] --START--
INFO: Run Behavior\ContentReplaceBehavior [ RunTime:0.000056s ]
INFO: [ template_filter ] --END-- [ RunTime:0.000138s ]
NOTIC: [8] Array to string conversion D:\langs\php\wamp\www\Application\Runtime\Cache\Home\44015553043f227afcde3a26ed3733ea.php 第 7 行.
NOTIC: [8] Undefined variable: Array D:\langs\php\wamp\www\Application\Runtime\Cache\Home\44015553043f227afcde3a26ed3733ea.php 第 7 行.
INFO: Run Behavior\ParseTemplateBehavior [ RunTime:0.018465s ]
INFO: [ view_parse ] --END-- [ RunTime:0.018543s ]
INFO: [ view_filter ] --START--
INFO: Run Behavior\WriteHtmlCacheBehavior [ RunTime:0.000554s ]
INFO: [ view_filter ] --END-- [ RunTime:0.000626s ]
INFO: [ app_end ] --START--
INFO: Run Behavior\ShowPageTraceBehavior [ RunTime:0.000847s ]
INFO: [ app_end ] --END-- [ RunTime:0.000925s ]

[ 2015-05-13T13:18:12+08:00 ] 127.0.0.1 /index.php/Home/Schedule/show?teacherId=1
INFO: [ app_init ] --START--
INFO: Run Behavior\BuildLiteBehavior [ RunTime:0.000021s ]
INFO: [ app_init ] --END-- [ RunTime:0.007378s ]
INFO: [ app_begin ] --START--
INFO: Run Behavior\ReadHtmlCacheBehavior [ RunTime:0.000657s ]
INFO: [ app_begin ] --END-- [ RunTime:0.000724s ]
NOTIC: [2048] Declaration of Home\Controller\ScheduleController::show() should be compatible with that of Think\Controller::show() D:\langs\php\wamp\www\Application\Home\Controller\ScheduleController.class.php 第 16 行.
NOTIC: [8] Undefined index: lite D:\langs\php\wamp\www\ThinkPHP\Library\Think\Db.class.php 第 37 行.
INFO: [ view_parse ] --START--
INFO: [ template_filter ] --START--
INFO: Run Behavior\ContentReplaceBehavior [ RunTime:0.000053s ]
INFO: [ template_filter ] --END-- [ RunTime:0.000128s ]
INFO: Run Behavior\ParseTemplateBehavior [ RunTime:0.017485s ]
INFO: [ view_parse ] --END-- [ RunTime:0.017577s ]
INFO: [ view_filter ] --START--
INFO: Run Behavior\WriteHtmlCacheBehavior [ RunTime:0.000410s ]
INFO: [ view_filter ] --END-- [ RunTime:0.000466s ]
INFO: [ app_end ] --START--
INFO: Run Behavior\ShowPageTraceBehavior [ RunTime:0.000844s ]
INFO: [ app_end ] --END-- [ RunTime:0.000930s ]

[ 2015-05-13T13:18:16+08:00 ] 127.0.0.1 /index.php/Home/Schedule/show?teacherId=1
INFO: [ app_init ] --START--
INFO: Run Behavior\BuildLiteBehavior [ RunTime:0.000025s ]
INFO: [ app_init ] --END-- [ RunTime:0.006857s ]
INFO: [ app_begin ] --START--
INFO: Run Behavior\ReadHtmlCacheBehavior [ RunTime:0.000708s ]
INFO: [ app_begin ] --END-- [ RunTime:0.000784s ]
NOTIC: [2048] Declaration of Home\Controller\ScheduleController::show() should be compatible with that of Think\Controller::show() D:\langs\php\wamp\www\Application\Home\Controller\ScheduleController.class.php 第 16 行.
NOTIC: [8] Undefined index: lite D:\langs\php\wamp\www\ThinkPHP\Library\Think\Db.class.php 第 37 行.
INFO: [ view_parse ] --START--
INFO: [ template_filter ] --START--
INFO: Run Behavior\ContentReplaceBehavior [ RunTime:0.000052s ]
INFO: [ template_filter ] --END-- [ RunTime:0.000123s ]
INFO: Run Behavior\ParseTemplateBehavior [ RunTime:0.017997s ]
INFO: [ view_parse ] --END-- [ RunTime:0.018094s ]
INFO: [ view_filter ] --START--
INFO: Run Behavior\WriteHtmlCacheBehavior [ RunTime:0.000396s ]
INFO: [ view_filter ] --END-- [ RunTime:0.000452s ]
INFO: [ app_end ] --START--
INFO: Run Behavior\ShowPageTraceBehavior [ RunTime:0.000666s ]
INFO: [ app_end ] --END-- [ RunTime:0.000725s ]

[ 2015-05-13T13:18:31+08:00 ] 127.0.0.1 /index.php/Home/Schedule/show?teacherId=1
INFO: [ app_init ] --START--
INFO: Run Behavior\BuildLiteBehavior [ RunTime:0.000020s ]
INFO: [ app_init ] --END-- [ RunTime:0.006919s ]
INFO: [ app_begin ] --START--
INFO: Run Behavior\ReadHtmlCacheBehavior [ RunTime:0.000700s ]
INFO: [ app_begin ] --END-- [ RunTime:0.000767s ]
NOTIC: [2048] Declaration of Home\Controller\ScheduleController::show() should be compatible with that of Think\Controller::show() D:\langs\php\wamp\www\Application\Home\Controller\ScheduleController.class.php 第 17 行.
NOTIC: [8] Undefined index: lite D:\langs\php\wamp\www\ThinkPHP\Library\Think\Db.class.php 第 37 行.
INFO: [ view_parse ] --START--
INFO: [ template_filter ] --START--
INFO: Run Behavior\ContentReplaceBehavior [ RunTime:0.000059s ]
INFO: [ template_filter ] --END-- [ RunTime:0.000155s ]
INFO: Run Behavior\ParseTemplateBehavior [ RunTime:0.019678s ]
INFO: [ view_parse ] --END-- [ RunTime:0.019773s ]
INFO: [ view_filter ] --START--
INFO: Run Behavior\WriteHtmlCacheBehavior [ RunTime:0.000477s ]
INFO: [ view_filter ] --END-- [ RunTime:0.000540s ]
INFO: [ app_end ] --START--
INFO: Run Behavior\ShowPageTraceBehavior [ RunTime:0.000785s ]
INFO: [ app_end ] --END-- [ RunTime:0.000859s ]

[ 2015-05-13T13:19:16+08:00 ] 127.0.0.1 /index.php/Home/Schedule/show?teacherId=1
INFO: [ app_init ] --START--
INFO: Run Behavior\BuildLiteBehavior [ RunTime:0.000020s ]
INFO: [ app_init ] --END-- [ RunTime:0.006973s ]
INFO: [ app_begin ] --START--
INFO: Run Behavior\ReadHtmlCacheBehavior [ RunTime:0.001092s ]
INFO: [ app_begin ] --END-- [ RunTime:0.001160s ]
NOTIC: [2048] Declaration of Home\Controller\ScheduleController::show() should be compatible with that of Think\Controller::show() D:\langs\php\wamp\www\Application\Home\Controller\ScheduleController.class.php 第 17 行.
NOTIC: [8] Undefined index: lite D:\langs\php\wamp\www\ThinkPHP\Library\Think\Db.class.php 第 37 行.
INFO: [ view_parse ] --START--
INFO: [ template_filter ] --START--
INFO: Run Behavior\ContentReplaceBehavior [ RunTime:0.000057s ]
INFO: [ template_filter ] --END-- [ RunTime:0.000144s ]
INFO: Run Behavior\ParseTemplateBehavior [ RunTime:0.019528s ]
INFO: [ view_parse ] --END-- [ RunTime:0.019620s ]
INFO: [ view_filter ] --START--
INFO: Run Behavior\WriteHtmlCacheBehavior [ RunTime:0.000898s ]
INFO: [ view_filter ] --END-- [ RunTime:0.000967s ]
INFO: [ app_end ] --START--
INFO: Run Behavior\ShowPageTraceBehavior [ RunTime:0.001080s ]
INFO: [ app_end ] --END-- [ RunTime:0.001145s ]

[ 2015-05-13T13:19:20+08:00 ] 127.0.0.1 /index.php/Home/Schedule/show?teacherId=1
INFO: [ app_init ] --START--
INFO: Run Behavior\BuildLiteBehavior [ RunTime:0.000021s ]
INFO: [ app_init ] --END-- [ RunTime:0.006585s ]
INFO: [ app_begin ] --START--
INFO: Run Behavior\ReadHtmlCacheBehavior [ RunTime:0.000769s ]
INFO: [ app_begin ] --END-- [ RunTime:0.000849s ]
NOTIC: [2048] Declaration of Home\Controller\ScheduleController::show() should be compatible with that of Think\Controller::show() D:\langs\php\wamp\www\Application\Home\Controller\ScheduleController.class.php 第 17 行.
NOTIC: [8] Undefined index: lite D:\langs\php\wamp\www\ThinkPHP\Library\Think\Db.class.php 第 37 行.
INFO: [ view_parse ] --START--
INFO: [ template_filter ] --START--
INFO: Run Behavior\ContentReplaceBehavior [ RunTime:0.000052s ]
INFO: [ template_filter ] --END-- [ RunTime:0.000133s ]
INFO: Run Behavior\ParseTemplateBehavior [ RunTime:0.018231s ]
INFO: [ view_parse ] --END-- [ RunTime:0.018348s ]
INFO: [ view_filter ] --START--
INFO: Run Behavior\WriteHtmlCacheBehavior [ RunTime:0.000507s ]
INFO: [ view_filter ] --END-- [ RunTime:0.000568s ]
INFO: [ app_end ] --START--
INFO: Run Behavior\ShowPageTraceBehavior [ RunTime:0.000694s ]
INFO: [ app_end ] --END-- [ RunTime:0.000760s ]

[ 2015-05-13T13:20:25+08:00 ] 127.0.0.1 /index.php/Home/Schedule/show?teacherId=1
INFO: [ app_init ] --START--
INFO: Run Behavior\BuildLiteBehavior [ RunTime:0.000021s ]
INFO: [ app_init ] --END-- [ RunTime:0.006636s ]
INFO: [ app_begin ] --START--
INFO: Run Behavior\ReadHtmlCacheBehavior [ RunTime:0.000702s ]
INFO: [ app_begin ] --END-- [ RunTime:0.000770s ]
NOTIC: [2048] Declaration of Home\Controller\ScheduleController::show() should be compatible with that of Think\Controller::show() D:\langs\php\wamp\www\Application\Home\Controller\ScheduleController.class.php 第 17 行.
NOTIC: [8] Undefined index: lite D:\langs\php\wamp\www\ThinkPHP\Library\Think\Db.class.php 第 37 行.
INFO: [ view_parse ] --START--
INFO: [ template_filter ] --START--
INFO: Run Behavior\ContentReplaceBehavior [ RunTime:0.000052s ]
INFO: [ template_filter ] --END-- [ RunTime:0.000126s ]
INFO: Run Behavior\ParseTemplateBehavior [ RunTime:0.017894s ]
INFO: [ view_parse ] --END-- [ RunTime:0.017994s ]
INFO: [ view_filter ] --START--
INFO: Run Behavior\WriteHtmlCacheBehavior [ RunTime:0.000434s ]
INFO: [ view_filter ] --END-- [ RunTime:0.000492s ]
INFO: [ app_end ] --START--
INFO: Run Behavior\ShowPageTraceBehavior [ RunTime:0.000686s ]
INFO: [ app_end ] --END-- [ RunTime:0.000747s ]

[ 2015-05-13T17:02:57+08:00 ] 127.0.0.1 /index.php/Home/Schedule/show?teacherId=1
INFO: [ app_init ] --START--
INFO: Run Behavior\BuildLiteBehavior [ RunTime:0.000033s ]
INFO: [ app_init ] --END-- [ RunTime:0.088623s ]
INFO: [ app_begin ] --START--
INFO: Run Behavior\ReadHtmlCacheBehavior [ RunTime:0.038051s ]
INFO: [ app_begin ] --END-- [ RunTime:0.038199s ]

[ 2015-05-13T17:03:09+08:00 ] 127.0.0.1 /index.php/Home/Schedule/show?teacherId=1
INFO: [ app_init ] --START--
INFO: Run Behavior\BuildLiteBehavior [ RunTime:0.000020s ]
INFO: [ app_init ] --END-- [ RunTime:0.007102s ]
INFO: [ app_begin ] --START--
INFO: Run Behavior\ReadHtmlCacheBehavior [ RunTime:0.001320s ]
INFO: [ app_begin ] --END-- [ RunTime:0.001421s ]
NOTIC: [2048] Declaration of Home\Controller\ScheduleController::show() should be compatible with that of Think\Controller::show() D:\langs\php\wamp\www\Application\Home\Controller\ScheduleController.class.php 第 17 行.
NOTIC: [8] Undefined index: lite D:\langs\php\wamp\www\ThinkPHP\Library\Think\Db.class.php 第 37 行.
INFO: [ view_parse ] --START--
INFO: [ template_filter ] --START--
INFO: Run Behavior\ContentReplaceBehavior [ RunTime:0.000105s ]
INFO: [ template_filter ] --END-- [ RunTime:0.000249s ]
INFO: Run Behavior\ParseTemplateBehavior [ RunTime:0.197457s ]
INFO: [ view_parse ] --END-- [ RunTime:0.197616s ]
INFO: [ view_filter ] --START--
INFO: Run Behavior\WriteHtmlCacheBehavior [ RunTime:0.012525s ]
INFO: [ view_filter ] --END-- [ RunTime:0.012654s ]
INFO: [ app_end ] --START--
INFO: Run Behavior\ShowPageTraceBehavior [ RunTime:0.009039s ]
INFO: [ app_end ] --END-- [ RunTime:0.009340s ]

[ 2015-05-13T17:03:23+08:00 ] 127.0.0.1 /index.php/Home/Schedule/show?teacherId=1
INFO: [ app_init ] --START--
INFO: Run Behavior\BuildLiteBehavior [ RunTime:0.000020s ]
INFO: [ app_init ] --END-- [ RunTime:0.006530s ]
INFO: [ app_begin ] --START--
INFO: Run Behavior\ReadHtmlCacheBehavior [ RunTime:0.001109s ]
INFO: [ app_begin ] --END-- [ RunTime:0.001280s ]
NOTIC: [2048] Declaration of Home\Controller\ScheduleController::show() should be compatible with that of Think\Controller::show() D:\langs\php\wamp\www\Application\Home\Controller\ScheduleController.class.php 第 17 行.
NOTIC: [8] Undefined index: lite D:\langs\php\wamp\www\ThinkPHP\Library\Think\Db.class.php 第 37 行.
INFO: [ view_parse ] --START--
INFO: [ template_filter ] --START--
INFO: Run Behavior\ContentReplaceBehavior [ RunTime:0.000053s ]
INFO: [ template_filter ] --END-- [ RunTime:0.000125s ]
INFO: Run Behavior\ParseTemplateBehavior [ RunTime:0.017724s ]
INFO: [ view_parse ] --END-- [ RunTime:0.017815s ]
INFO: [ view_filter ] --START--
INFO: Run Behavior\WriteHtmlCacheBehavior [ RunTime:0.000396s ]
INFO: [ view_filter ] --END-- [ RunTime:0.000452s ]
INFO: [ app_end ] --START--
INFO: Run Behavior\ShowPageTraceBehavior [ RunTime:0.000717s ]
INFO: [ app_end ] --END-- [ RunTime:0.000783s ]

[ 2015-05-13T17:03:25+08:00 ] 127.0.0.1 /index.php/Home/Schedule/show?teacherId=1
INFO: [ app_init ] --START--
INFO: Run Behavior\BuildLiteBehavior [ RunTime:0.000019s ]
INFO: [ app_init ] --END-- [ RunTime:0.006507s ]
INFO: [ app_begin ] --START--
INFO: Run Behavior\ReadHtmlCacheBehavior [ RunTime:0.000669s ]
INFO: [ app_begin ] --END-- [ RunTime:0.000737s ]
NOTIC: [2048] Declaration of Home\Controller\ScheduleController::show() should be compatible with that of Think\Controller::show() D:\langs\php\wamp\www\Application\Home\Controller\ScheduleController.class.php 第 17 行.
NOTIC: [8] Undefined index: lite D:\langs\php\wamp\www\ThinkPHP\Library\Think\Db.class.php 第 37 行.
INFO: [ view_parse ] --START--
INFO: [ template_filter ] --START--
INFO: Run Behavior\ContentReplaceBehavior [ RunTime:0.000052s ]
INFO: [ template_filter ] --END-- [ RunTime:0.000122s ]
INFO: Run Behavior\ParseTemplateBehavior [ RunTime:0.018140s ]
INFO: [ view_parse ] --END-- [ RunTime:0.018241s ]
INFO: [ view_filter ] --START--
INFO: Run Behavior\WriteHtmlCacheBehavior [ RunTime:0.000443s ]
INFO: [ view_filter ] --END-- [ RunTime:0.000501s ]
INFO: [ app_end ] --START--
INFO: Run Behavior\ShowPageTraceBehavior [ RunTime:0.000671s ]
INFO: [ app_end ] --END-- [ RunTime:0.000732s ]

[ 2015-05-13T17:04:56+08:00 ] 127.0.0.1 /index.php/Home/Schedule/show?teacherId=1
INFO: [ app_init ] --START--
INFO: Run Behavior\BuildLiteBehavior [ RunTime:0.000021s ]
INFO: [ app_init ] --END-- [ RunTime:0.006618s ]
INFO: [ app_begin ] --START--
INFO: Run Behavior\ReadHtmlCacheBehavior [ RunTime:0.000668s ]
INFO: [ app_begin ] --END-- [ RunTime:0.000736s ]
NOTIC: [2048] Declaration of Home\Controller\ScheduleController::show() should be compatible with that of Think\Controller::show() D:\langs\php\wamp\www\Application\Home\Controller\ScheduleController.class.php 第 17 行.
NOTIC: [8] Undefined index: lite D:\langs\php\wamp\www\ThinkPHP\Library\Think\Db.class.php 第 37 行.
INFO: [ view_parse ] --START--
INFO: [ template_filter ] --START--
INFO: Run Behavior\ContentReplaceBehavior [ RunTime:0.000056s ]
INFO: [ template_filter ] --END-- [ RunTime:0.000182s ]
INFO: Run Behavior\ParseTemplateBehavior [ RunTime:0.019742s ]
INFO: [ view_parse ] --END-- [ RunTime:0.019839s ]
INFO: [ view_filter ] --START--
INFO: Run Behavior\WriteHtmlCacheBehavior [ RunTime:0.001904s ]
INFO: [ view_filter ] --END-- [ RunTime:0.001978s ]
INFO: [ app_end ] --START--
INFO: Run Behavior\ShowPageTraceBehavior [ RunTime:0.001258s ]
INFO: [ app_end ] --END-- [ RunTime:0.001331s ]

[ 2015-05-13T17:05:15+08:00 ] 127.0.0.1 /index.php/Home/Schedule/show?teacherId=1
INFO: [ app_init ] --START--
INFO: Run Behavior\BuildLiteBehavior [ RunTime:0.000021s ]
INFO: [ app_init ] --END-- [ RunTime:0.006613s ]
INFO: [ app_begin ] --START--
INFO: Run Behavior\ReadHtmlCacheBehavior [ RunTime:0.001164s ]
INFO: [ app_begin ] --END-- [ RunTime:0.001245s ]
NOTIC: [2048] Declaration of Home\Controller\ScheduleController::show() should be compatible with that of Think\Controller::show() D:\langs\php\wamp\www\Application\Home\Controller\ScheduleController.class.php 第 17 行.
NOTIC: [8] Undefined index: lite D:\langs\php\wamp\www\ThinkPHP\Library\Think\Db.class.php 第 37 行.
INFO: [ view_parse ] --START--
INFO: [ template_filter ] --START--
INFO: Run Behavior\ContentReplaceBehavior [ RunTime:0.000052s ]
INFO: [ template_filter ] --END-- [ RunTime:0.000127s ]
INFO: Run Behavior\ParseTemplateBehavior [ RunTime:0.020176s ]
INFO: [ view_parse ] --END-- [ RunTime:0.020267s ]
INFO: [ view_filter ] --START--
INFO: Run Behavior\WriteHtmlCacheBehavior [ RunTime:0.000792s ]
INFO: [ view_filter ] --END-- [ RunTime:0.000859s ]
INFO: [ app_end ] --START--
INFO: Run Behavior\ShowPageTraceBehavior [ RunTime:0.001053s ]
INFO: [ app_end ] --END-- [ RunTime:0.001122s ]

[ 2015-05-13T17:06:33+08:00 ] 127.0.0.1 /index.php/Home/Schedule/show?teacherId=1
INFO: [ app_init ] --START--
INFO: Run Behavior\BuildLiteBehavior [ RunTime:0.000021s ]
INFO: [ app_init ] --END-- [ RunTime:0.007259s ]
INFO: [ app_begin ] --START--
INFO: Run Behavior\ReadHtmlCacheBehavior [ RunTime:0.001138s ]
INFO: [ app_begin ] --END-- [ RunTime:0.001216s ]
NOTIC: [2048] Declaration of Home\Controller\ScheduleController::show() should be compatible with that of Think\Controller::show() D:\langs\php\wamp\www\Application\Home\Controller\ScheduleController.class.php 第 16 行.
NOTIC: [8] Undefined index: lite D:\langs\php\wamp\www\ThinkPHP\Library\Think\Db.class.php 第 37 行.
INFO: [ view_parse ] --START--
INFO: [ template_filter ] --START--
INFO: Run Behavior\ContentReplaceBehavior [ RunTime:0.000053s ]
INFO: [ template_filter ] --END-- [ RunTime:0.000131s ]
NOTIC: [8] Undefined index: dayOfWeek D:\langs\php\wamp\www\Application\Runtime\Cache\Home\44015553043f227afcde3a26ed3733ea.php 第 4 行.
INFO: Run Behavior\ParseTemplateBehavior [ RunTime:0.018630s ]
INFO: [ view_parse ] --END-- [ RunTime:0.018711s ]
INFO: [ view_filter ] --START--
INFO: Run Behavior\WriteHtmlCacheBehavior [ RunTime:0.000451s ]
INFO: [ view_filter ] --END-- [ RunTime:0.000516s ]
INFO: [ app_end ] --START--
INFO: Run Behavior\ShowPageTraceBehavior [ RunTime:0.000736s ]
INFO: [ app_end ] --END-- [ RunTime:0.000809s ]

[ 2015-05-13T17:06:34+08:00 ] 127.0.0.1 /index.php/Home/Schedule/show?teacherId=1
INFO: [ app_init ] --START--
INFO: Run Behavior\BuildLiteBehavior [ RunTime:0.000022s ]
INFO: [ app_init ] --END-- [ RunTime:0.006613s ]
INFO: [ app_begin ] --START--
INFO: Run Behavior\ReadHtmlCacheBehavior [ RunTime:0.000749s ]
INFO: [ app_begin ] --END-- [ RunTime:0.000822s ]
NOTIC: [2048] Declaration of Home\Controller\ScheduleController::show() should be compatible with that of Think\Controller::show() D:\langs\php\wamp\www\Application\Home\Controller\ScheduleController.class.php 第 16 行.
NOTIC: [8] Undefined index: lite D:\langs\php\wamp\www\ThinkPHP\Library\Think\Db.class.php 第 37 行.
INFO: [ view_parse ] --START--
INFO: [ template_filter ] --START--
INFO: Run Behavior\ContentReplaceBehavior [ RunTime:0.000056s ]
INFO: [ template_filter ] --END-- [ RunTime:0.000147s ]
NOTIC: [8] Undefined index: dayOfWeek D:\langs\php\wamp\www\Application\Runtime\Cache\Home\44015553043f227afcde3a26ed3733ea.php 第 4 行.
INFO: Run Behavior\ParseTemplateBehavior [ RunTime:0.019855s ]
INFO: [ view_parse ] --END-- [ RunTime:0.019930s ]
INFO: [ view_filter ] --START--
INFO: Run Behavior\WriteHtmlCacheBehavior [ RunTime:0.000506s ]
INFO: [ view_filter ] --END-- [ RunTime:0.000577s ]
INFO: [ app_end ] --START--
INFO: Run Behavior\ShowPageTraceBehavior [ RunTime:0.000788s ]
INFO: [ app_end ] --END-- [ RunTime:0.000865s ]

[ 2015-05-13T17:07:00+08:00 ] 127.0.0.1 /index.php/Home/Schedule/show?teacherId=1
INFO: [ app_init ] --START--
INFO: Run Behavior\BuildLiteBehavior [ RunTime:0.000019s ]
INFO: [ app_init ] --END-- [ RunTime:0.006454s ]
INFO: [ app_begin ] --START--
INFO: Run Behavior\ReadHtmlCacheBehavior [ RunTime:0.000704s ]
INFO: [ app_begin ] --END-- [ RunTime:0.000776s ]
NOTIC: [2048] Declaration of Home\Controller\ScheduleController::show() should be compatible with that of Think\Controller::show() D:\langs\php\wamp\www\Application\Home\Controller\ScheduleController.class.php 第 17 行.
NOTIC: [8] Undefined index: lite D:\langs\php\wamp\www\ThinkPHP\Library\Think\Db.class.php 第 37 行.
INFO: [ view_parse ] --START--
INFO: [ template_filter ] --START--
INFO: Run Behavior\ContentReplaceBehavior [ RunTime:0.000054s ]
INFO: [ template_filter ] --END-- [ RunTime:0.000138s ]
NOTIC: [8] Undefined index: dayOfWeek D:\langs\php\wamp\www\Application\Runtime\Cache\Home\44015553043f227afcde3a26ed3733ea.php 第 4 行.
INFO: Run Behavior\ParseTemplateBehavior [ RunTime:0.018435s ]
INFO: [ view_parse ] --END-- [ RunTime:0.018512s ]
INFO: [ view_filter ] --START--
INFO: Run Behavior\WriteHtmlCacheBehavior [ RunTime:0.000435s ]
INFO: [ view_filter ] --END-- [ RunTime:0.000495s ]
INFO: [ app_end ] --START--
INFO: Run Behavior\ShowPageTraceBehavior [ RunTime:0.000663s ]
INFO: [ app_end ] --END-- [ RunTime:0.000723s ]

[ 2015-05-13T17:07:15+08:00 ] 127.0.0.1 /index.php/Home/Schedule/show?teacherId=1
INFO: [ app_init ] --START--
INFO: Run Behavior\BuildLiteBehavior [ RunTime:0.000020s ]
INFO: [ app_init ] --END-- [ RunTime:0.006933s ]
INFO: [ app_begin ] --START--
INFO: Run Behavior\ReadHtmlCacheBehavior [ RunTime:0.000685s ]
INFO: [ app_begin ] --END-- [ RunTime:0.000753s ]
NOTIC: [2048] Declaration of Home\Controller\ScheduleController::show() should be compatible with that of Think\Controller::show() D:\langs\php\wamp\www\Application\Home\Controller\ScheduleController.class.php 第 17 行.
NOTIC: [8] Undefined index: lite D:\langs\php\wamp\www\ThinkPHP\Library\Think\Db.class.php 第 37 行.
INFO: [ view_parse ] --START--
INFO: [ template_filter ] --START--
INFO: Run Behavior\ContentReplaceBehavior [ RunTime:0.000053s ]
INFO: [ template_filter ] --END-- [ RunTime:0.000132s ]
NOTIC: [8] Undefined index: dayOfWeek D:\langs\php\wamp\www\Application\Runtime\Cache\Home\44015553043f227afcde3a26ed3733ea.php 第 4 行.
INFO: Run Behavior\ParseTemplateBehavior [ RunTime:0.020342s ]
INFO: [ view_parse ] --END-- [ RunTime:0.020418s ]
INFO: [ view_filter ] --START--
INFO: Run Behavior\WriteHtmlCacheBehavior [ RunTime:0.000775s ]
INFO: [ view_filter ] --END-- [ RunTime:0.000837s ]
INFO: [ app_end ] --START--
INFO: Run Behavior\ShowPageTraceBehavior [ RunTime:0.000988s ]
INFO: [ app_end ] --END-- [ RunTime:0.001049s ]

[ 2015-05-13T18:03:36+08:00 ] 127.0.0.1 /index.php/Home/Schedule/show?teacherId=1
INFO: [ app_init ] --START--
INFO: Run Behavior\BuildLiteBehavior [ RunTime:0.000036s ]
INFO: [ app_init ] --END-- [ RunTime:0.072112s ]
INFO: [ app_begin ] --START--
INFO: Run Behavior\ReadHtmlCacheBehavior [ RunTime:0.074758s ]
INFO: [ app_begin ] --END-- [ RunTime:0.074865s ]
NOTIC: [2048] Declaration of Home\Controller\ScheduleController::show() should be compatible with that of Think\Controller::show() D:\langs\php\wamp\www\Application\Home\Controller\ScheduleController.class.php 第 18 行.
NOTIC: [8] Undefined index: lite D:\langs\php\wamp\www\ThinkPHP\Library\Think\Db.class.php 第 37 行.
INFO: [ view_parse ] --START--
INFO: [ template_filter ] --START--
INFO: Run Behavior\ContentReplaceBehavior [ RunTime:0.000104s ]
INFO: [ template_filter ] --END-- [ RunTime:0.000249s ]
INFO: Run Behavior\ParseTemplateBehavior [ RunTime:0.165229s ]
INFO: [ view_parse ] --END-- [ RunTime:0.165450s ]
INFO: [ view_filter ] --START--
INFO: Run Behavior\WriteHtmlCacheBehavior [ RunTime:0.036582s ]
INFO: [ view_filter ] --END-- [ RunTime:0.036723s ]
INFO: [ app_end ] --START--
INFO: Run Behavior\ShowPageTraceBehavior [ RunTime:0.008955s ]
INFO: [ app_end ] --END-- [ RunTime:0.009091s ]

